2024-04-22 09:18:33 Logwrapper init() ./logs/EUR_CHF.log
2024-04-22 09:18:33 {'n_ma': 10, 'n_std': 2.5, 'maxspread': 0.0004, 'mingain': 0.0014, 'riskreward': 1.5}
2024-04-22 09:18:39 CandleManager() init last_candle:last_candle:24-04-22 05:40 is_ready:False
2024-04-22 09:20:16 CandleManager() new candle:last_candle:24-04-22 05:45 is_ready:True
2024-04-22 09:20:22 tech_manager: max_rows:30 candle_time:2024-04-22 05:45:00+00:00 granularity:M5
2024-04-22 09:20:22 process_candles:
       PAIR                      time    mid_c    mid_o   SL   TP   SPREAD      GAIN     LOSS  SIGNAL
24  EUR_CHF 2024-04-22 05:25:00+00:00  0.97234  0.97236  0.0  0.0  0.00014  0.000038  0.97234       0
25  EUR_CHF 2024-04-22 05:30:00+00:00  0.97244  0.97234  0.0  0.0  0.00014  0.000055  0.97244       0
26  EUR_CHF 2024-04-22 05:35:00+00:00  0.97245  0.97244  0.0  0.0  0.00014  0.000068  0.97245       0
27  EUR_CHF 2024-04-22 05:40:00+00:00  0.97257  0.97244  0.0  0.0  0.00018  0.000180  0.97257       0
28  EUR_CHF 2024-04-22 05:45:00+00:00  0.97245  0.97255  0.0  0.0  0.00016  0.000048  0.97245       0
2024-04-22 09:25:01 CandleManager() new candle:last_candle:24-04-22 05:50 is_ready:True
2024-04-22 09:25:06 tech_manager: max_rows:30 candle_time:2024-04-22 05:50:00+00:00 granularity:M5
2024-04-22 09:25:10 process_candles:
       PAIR                      time    mid_c    mid_o   SL   TP   SPREAD      GAIN     LOSS  SIGNAL
24  EUR_CHF 2024-04-22 05:30:00+00:00  0.97244  0.97234  0.0  0.0  0.00014  0.000055  0.97244       0
25  EUR_CHF 2024-04-22 05:35:00+00:00  0.97245  0.97244  0.0  0.0  0.00014  0.000068  0.97245       0
26  EUR_CHF 2024-04-22 05:40:00+00:00  0.97257  0.97244  0.0  0.0  0.00018  0.000180  0.97257       0
27  EUR_CHF 2024-04-22 05:45:00+00:00  0.97245  0.97255  0.0  0.0  0.00016  0.000048  0.97245       0
28  EUR_CHF 2024-04-22 05:50:00+00:00  0.97220  0.97244  0.0  0.0  0.00017  0.000192  0.97220       0
2024-04-22 09:30:16 CandleManager() new candle:last_candle:24-04-22 05:55 is_ready:True
2024-04-22 09:30:17 tech_manager: max_rows:30 candle_time:2024-04-22 05:55:00+00:00 granularity:M5
2024-04-22 09:30:17 process_candles:
       PAIR                      time    mid_c    mid_o   SL   TP   SPREAD      GAIN     LOSS  SIGNAL
24  EUR_CHF 2024-04-22 05:35:00+00:00  0.97245  0.97244  0.0  0.0  0.00014  0.000068  0.97245       0
25  EUR_CHF 2024-04-22 05:40:00+00:00  0.97257  0.97244  0.0  0.0  0.00018  0.000180  0.97257       0
26  EUR_CHF 2024-04-22 05:45:00+00:00  0.97245  0.97255  0.0  0.0  0.00016  0.000048  0.97245       0
27  EUR_CHF 2024-04-22 05:50:00+00:00  0.97220  0.97244  0.0  0.0  0.00017  0.000192  0.97220       0
28  EUR_CHF 2024-04-22 05:55:00+00:00  0.97206  0.97220  0.0  0.0  0.00015  0.000308  0.97206       0
2024-04-22 09:35:15 CandleManager() new candle:last_candle:24-04-22 06:00 is_ready:True
2024-04-22 09:35:20 tech_manager: max_rows:30 candle_time:2024-04-22 06:00:00+00:00 granularity:M5
2024-04-22 09:35:21 process_candles:
       PAIR                      time    mid_c    mid_o   SL   TP   SPREAD      GAIN     LOSS  SIGNAL
24  EUR_CHF 2024-04-22 05:40:00+00:00  0.97257  0.97244  0.0  0.0  0.00018  0.000180  0.97257       0
25  EUR_CHF 2024-04-22 05:45:00+00:00  0.97245  0.97255  0.0  0.0  0.00016  0.000048  0.97245       0
26  EUR_CHF 2024-04-22 05:50:00+00:00  0.97220  0.97244  0.0  0.0  0.00017  0.000192  0.97220       0
27  EUR_CHF 2024-04-22 05:55:00+00:00  0.97206  0.97220  0.0  0.0  0.00015  0.000308  0.97206       0
28  EUR_CHF 2024-04-22 06:00:00+00:00  0.97224  0.97208  0.0  0.0  0.00016  0.000107  0.97224       0
2024-04-22 09:40:12 CandleManager() new candle:last_candle:24-04-22 06:05 is_ready:True
2024-04-22 09:40:17 tech_manager: max_rows:30 candle_time:2024-04-22 06:05:00+00:00 granularity:M5
2024-04-22 09:40:17 process_candles:
       PAIR                      time    mid_c    mid_o   SL   TP   SPREAD      GAIN     LOSS  SIGNAL
24  EUR_CHF 2024-04-22 05:45:00+00:00  0.97245  0.97255  0.0  0.0  0.00016  0.000048  0.97245       0
25  EUR_CHF 2024-04-22 05:50:00+00:00  0.97220  0.97244  0.0  0.0  0.00017  0.000192  0.97220       0
26  EUR_CHF 2024-04-22 05:55:00+00:00  0.97206  0.97220  0.0  0.0  0.00015  0.000308  0.97206       0
27  EUR_CHF 2024-04-22 06:00:00+00:00  0.97224  0.97208  0.0  0.0  0.00016  0.000107  0.97224       0
28  EUR_CHF 2024-04-22 06:05:00+00:00  0.97236  0.97221  0.0  0.0  0.00015  0.000020  0.97236       0
2024-04-22 09:45:06 CandleManager() new candle:last_candle:24-04-22 06:10 is_ready:True
2024-04-22 09:45:07 tech_manager: max_rows:30 candle_time:2024-04-22 06:10:00+00:00 granularity:M5
2024-04-22 09:45:08 process_candles:
       PAIR                      time    mid_c    mid_o   SL   TP   SPREAD      GAIN     LOSS  SIGNAL
24  EUR_CHF 2024-04-22 05:50:00+00:00  0.97220  0.97244  0.0  0.0  0.00017  0.000192  0.97220       0
25  EUR_CHF 2024-04-22 05:55:00+00:00  0.97206  0.97220  0.0  0.0  0.00015  0.000308  0.97206       0
26  EUR_CHF 2024-04-22 06:00:00+00:00  0.97224  0.97208  0.0  0.0  0.00016  0.000107  0.97224       0
27  EUR_CHF 2024-04-22 06:05:00+00:00  0.97236  0.97221  0.0  0.0  0.00015  0.000020  0.97236       0
28  EUR_CHF 2024-04-22 06:10:00+00:00  0.97229  0.97240  0.0  0.0  0.00016  0.000050  0.97229       0
2024-04-22 09:50:00 CandleManager() new candle:last_candle:24-04-22 06:15 is_ready:True
2024-04-22 09:50:06 tech_manager: max_rows:30 candle_time:2024-04-22 06:15:00+00:00 granularity:M5
2024-04-22 09:50:06 process_candles:
       PAIR                      time    mid_c    mid_o   SL   TP   SPREAD      GAIN     LOSS  SIGNAL
24  EUR_CHF 2024-04-22 05:55:00+00:00  0.97206  0.97220  0.0  0.0  0.00015  0.000308  0.97206       0
25  EUR_CHF 2024-04-22 06:00:00+00:00  0.97224  0.97208  0.0  0.0  0.00016  0.000107  0.97224       0
26  EUR_CHF 2024-04-22 06:05:00+00:00  0.97236  0.97221  0.0  0.0  0.00015  0.000020  0.97236       0
27  EUR_CHF 2024-04-22 06:10:00+00:00  0.97229  0.97240  0.0  0.0  0.00016  0.000050  0.97229       0
28  EUR_CHF 2024-04-22 06:15:00+00:00  0.97228  0.97228  0.0  0.0  0.00014  0.000053  0.97228       0
2024-04-22 09:55:04 CandleManager() new candle:last_candle:24-04-22 06:20 is_ready:True
2024-04-22 09:55:13 tech_manager: max_rows:30 candle_time:2024-04-22 06:20:00+00:00 granularity:M5
2024-04-22 09:55:14 process_candles:
       PAIR                      time    mid_c    mid_o   SL   TP   SPREAD      GAIN     LOSS  SIGNAL
24  EUR_CHF 2024-04-22 06:00:00+00:00  0.97224  0.97208  0.0  0.0  0.00016  0.000107  0.97224       0
25  EUR_CHF 2024-04-22 06:05:00+00:00  0.97236  0.97221  0.0  0.0  0.00015  0.000020  0.97236       0
26  EUR_CHF 2024-04-22 06:10:00+00:00  0.97229  0.97240  0.0  0.0  0.00016  0.000050  0.97229       0
27  EUR_CHF 2024-04-22 06:15:00+00:00  0.97228  0.97228  0.0  0.0  0.00014  0.000053  0.97228       0
28  EUR_CHF 2024-04-22 06:20:00+00:00  0.97234  0.97230  0.0  0.0  0.00017  0.000018  0.97234       0
2024-04-22 10:00:22 CandleManager() new candle:last_candle:24-04-22 06:25 is_ready:True
2024-04-22 10:00:27 tech_manager: max_rows:30 candle_time:2024-04-22 06:25:00+00:00 granularity:M5
2024-04-22 10:00:27 process_candles:
       PAIR                      time    mid_c    mid_o   SL   TP   SPREAD      GAIN     LOSS  SIGNAL
24  EUR_CHF 2024-04-22 06:05:00+00:00  0.97236  0.97221  0.0  0.0  0.00015  0.000020  0.97236       0
25  EUR_CHF 2024-04-22 06:10:00+00:00  0.97229  0.97240  0.0  0.0  0.00016  0.000050  0.97229       0
26  EUR_CHF 2024-04-22 06:15:00+00:00  0.97228  0.97228  0.0  0.0  0.00014  0.000053  0.97228       0
27  EUR_CHF 2024-04-22 06:20:00+00:00  0.97234  0.97230  0.0  0.0  0.00017  0.000018  0.97234       0
28  EUR_CHF 2024-04-22 06:25:00+00:00  0.97216  0.97230  0.0  0.0  0.00017  0.000147  0.97216       0
2024-04-22 10:05:04 CandleManager() new candle:last_candle:24-04-22 06:30 is_ready:True
2024-04-22 10:05:09 tech_manager: max_rows:30 candle_time:2024-04-22 06:30:00+00:00 granularity:M5
2024-04-22 10:05:10 process_candles:
       PAIR                      time    mid_c    mid_o   SL   TP   SPREAD      GAIN     LOSS  SIGNAL
24  EUR_CHF 2024-04-22 06:10:00+00:00  0.97229  0.97240  0.0  0.0  0.00016  0.000050  0.97229       0
25  EUR_CHF 2024-04-22 06:15:00+00:00  0.97228  0.97228  0.0  0.0  0.00014  0.000053  0.97228       0
26  EUR_CHF 2024-04-22 06:20:00+00:00  0.97234  0.97230  0.0  0.0  0.00017  0.000018  0.97234       0
27  EUR_CHF 2024-04-22 06:25:00+00:00  0.97216  0.97230  0.0  0.0  0.00017  0.000147  0.97216       0
28  EUR_CHF 2024-04-22 06:30:00+00:00  0.97176  0.97216  0.0  0.0  0.00017  0.000464  0.97176       0
2024-04-22 10:10:18 CandleManager() new candle:last_candle:24-04-22 06:35 is_ready:True
2024-04-22 10:10:23 tech_manager: max_rows:30 candle_time:2024-04-22 06:35:00+00:00 granularity:M5
2024-04-22 10:10:24 process_candles:
       PAIR                      time    mid_c    mid_o   SL   TP   SPREAD      GAIN     LOSS  SIGNAL
24  EUR_CHF 2024-04-22 06:15:00+00:00  0.97228  0.97228  0.0  0.0  0.00014  0.000053  0.97228       0
25  EUR_CHF 2024-04-22 06:20:00+00:00  0.97234  0.97230  0.0  0.0  0.00017  0.000018  0.97234       0
26  EUR_CHF 2024-04-22 06:25:00+00:00  0.97216  0.97230  0.0  0.0  0.00017  0.000147  0.97216       0
27  EUR_CHF 2024-04-22 06:30:00+00:00  0.97176  0.97216  0.0  0.0  0.00017  0.000464  0.97176       0
28  EUR_CHF 2024-04-22 06:35:00+00:00  0.97202  0.97178  0.0  0.0  0.00017  0.000144  0.97202       0
2024-04-22 10:15:18 CandleManager() new candle:last_candle:24-04-22 06:40 is_ready:True
2024-04-22 10:15:23 tech_manager: max_rows:30 candle_time:2024-04-22 06:40:00+00:00 granularity:M5
2024-04-22 10:15:24 process_candles:
       PAIR                      time    mid_c    mid_o   SL   TP   SPREAD      GAIN     LOSS  SIGNAL
24  EUR_CHF 2024-04-22 06:20:00+00:00  0.97234  0.97230  0.0  0.0  0.00017  0.000018  0.97234       0
25  EUR_CHF 2024-04-22 06:25:00+00:00  0.97216  0.97230  0.0  0.0  0.00017  0.000147  0.97216       0
26  EUR_CHF 2024-04-22 06:30:00+00:00  0.97176  0.97216  0.0  0.0  0.00017  0.000464  0.97176       0
27  EUR_CHF 2024-04-22 06:35:00+00:00  0.97202  0.97178  0.0  0.0  0.00017  0.000144  0.97202       0
28  EUR_CHF 2024-04-22 06:40:00+00:00  0.97170  0.97204  0.0  0.0  0.00017  0.000411  0.97170       0
