2024-04-22 09:18:33 Logwrapper init() ./logs/EUR_GBP.log
2024-04-22 09:18:33 {'n_ma': 12, 'n_std': 2.5, 'maxspread': 0.0004, 'mingain': 0.0014, 'riskreward': 1.5}
2024-04-22 09:18:39 CandleManager() init last_candle:last_candle:24-04-22 05:40 is_ready:False
2024-04-22 09:20:21 CandleManager() new candle:last_candle:24-04-22 05:45 is_ready:True
2024-04-22 09:20:22 tech_manager: max_rows:32 candle_time:2024-04-22 05:45:00+00:00 granularity:M5
2024-04-22 09:20:27 process_candles:
       PAIR                      time    mid-c    mid-o   SL   TP   SPREAD      GAIN     LOSS  SIGNAL
26  EUR_GBP 2024-04-22 05:25:00+00:00  0.86122  0.86121  0.0  0.0  0.00013  0.000125  0.86122       0
27  EUR_GBP 2024-04-22 05:30:00+00:00  0.86123  0.86122  0.0  0.0  0.00014  0.000118  0.86123       0
28  EUR_GBP 2024-04-22 05:35:00+00:00  0.86119  0.86126  0.0  0.0  0.00012  0.000060  0.86119       0
29  EUR_GBP 2024-04-22 05:40:00+00:00  0.86116  0.86121  0.0  0.0  0.00013  0.000015  0.86116       0
30  EUR_GBP 2024-04-22 05:45:00+00:00  0.86116  0.86114  0.0  0.0  0.00013  0.000005  0.86116       0
2024-04-22 09:25:06 CandleManager() new candle:last_candle:24-04-22 05:50 is_ready:True
2024-04-22 09:25:11 tech_manager: max_rows:32 candle_time:2024-04-22 05:50:00+00:00 granularity:M5
2024-04-22 09:25:11 process_candles:
       PAIR                      time    mid-c    mid-o   SL   TP   SPREAD      GAIN     LOSS  SIGNAL
26  EUR_GBP 2024-04-22 05:30:00+00:00  0.86123  0.86122  0.0  0.0  0.00014  0.000118  0.86123       0
27  EUR_GBP 2024-04-22 05:35:00+00:00  0.86119  0.86126  0.0  0.0  0.00012  0.000060  0.86119       0
28  EUR_GBP 2024-04-22 05:40:00+00:00  0.86116  0.86121  0.0  0.0  0.00013  0.000015  0.86116       0
29  EUR_GBP 2024-04-22 05:45:00+00:00  0.86116  0.86114  0.0  0.0  0.00013  0.000005  0.86116       0
30  EUR_GBP 2024-04-22 05:50:00+00:00  0.86108  0.86117  0.0  0.0  0.00015  0.000074  0.86108       0
2024-04-22 09:30:01 CandleManager() new candle:last_candle:24-04-22 05:55 is_ready:True
2024-04-22 09:30:01 tech_manager: max_rows:32 candle_time:2024-04-22 05:55:00+00:00 granularity:M5
2024-04-22 09:30:01 process_candles:
       PAIR                      time    mid-c    mid-o   SL   TP   SPREAD      GAIN     LOSS  SIGNAL
26  EUR_GBP 2024-04-22 05:35:00+00:00  0.86119  0.86126  0.0  0.0  0.00012  0.000060  0.86119       0
27  EUR_GBP 2024-04-22 05:40:00+00:00  0.86116  0.86121  0.0  0.0  0.00013  0.000015  0.86116       0
28  EUR_GBP 2024-04-22 05:45:00+00:00  0.86116  0.86114  0.0  0.0  0.00013  0.000005  0.86116       0
29  EUR_GBP 2024-04-22 05:50:00+00:00  0.86108  0.86117  0.0  0.0  0.00015  0.000074  0.86108       0
30  EUR_GBP 2024-04-22 05:55:00+00:00  0.86112  0.86110  0.0  0.0  0.00014  0.000039  0.86112       0
2024-04-22 09:35:18 CandleManager() new candle:last_candle:24-04-22 06:00 is_ready:True
2024-04-22 09:35:21 tech_manager: max_rows:32 candle_time:2024-04-22 06:00:00+00:00 granularity:M5
2024-04-22 09:35:21 process_candles:
       PAIR                      time    mid-c    mid-o   SL   TP   SPREAD      GAIN     LOSS  SIGNAL
26  EUR_GBP 2024-04-22 05:40:00+00:00  0.86116  0.86121  0.0  0.0  0.00013  0.000015  0.86116       0
27  EUR_GBP 2024-04-22 05:45:00+00:00  0.86116  0.86114  0.0  0.0  0.00013  0.000005  0.86116       0
28  EUR_GBP 2024-04-22 05:50:00+00:00  0.86108  0.86117  0.0  0.0  0.00015  0.000074  0.86108       0
29  EUR_GBP 2024-04-22 05:55:00+00:00  0.86112  0.86110  0.0  0.0  0.00014  0.000039  0.86112       0
30  EUR_GBP 2024-04-22 06:00:00+00:00  0.86126  0.86114  0.0  0.0  0.00013  0.000089  0.86126       0
2024-04-22 09:40:13 CandleManager() new candle:last_candle:24-04-22 06:05 is_ready:True
2024-04-22 09:40:22 tech_manager: max_rows:32 candle_time:2024-04-22 06:05:00+00:00 granularity:M5
2024-04-22 09:40:23 process_candles:
       PAIR                      time    mid-c    mid-o   SL   TP   SPREAD      GAIN     LOSS  SIGNAL
26  EUR_GBP 2024-04-22 05:45:00+00:00  0.86116  0.86114  0.0  0.0  0.00013  0.000005  0.86116       0
27  EUR_GBP 2024-04-22 05:50:00+00:00  0.86108  0.86117  0.0  0.0  0.00015  0.000074  0.86108       0
28  EUR_GBP 2024-04-22 05:55:00+00:00  0.86112  0.86110  0.0  0.0  0.00014  0.000039  0.86112       0
29  EUR_GBP 2024-04-22 06:00:00+00:00  0.86126  0.86114  0.0  0.0  0.00013  0.000089  0.86126       0
30  EUR_GBP 2024-04-22 06:05:00+00:00  0.86125  0.86126  0.0  0.0  0.00012  0.000067  0.86125       0
2024-04-22 09:45:07 CandleManager() new candle:last_candle:24-04-22 06:10 is_ready:True
2024-04-22 09:45:08 tech_manager: max_rows:32 candle_time:2024-04-22 06:10:00+00:00 granularity:M5
2024-04-22 09:45:13 process_candles:
       PAIR                      time    mid-c    mid-o   SL   TP   SPREAD      GAIN     LOSS  SIGNAL
26  EUR_GBP 2024-04-22 05:50:00+00:00  0.86108  0.86117  0.0  0.0  0.00015  0.000074  0.86108       0
27  EUR_GBP 2024-04-22 05:55:00+00:00  0.86112  0.86110  0.0  0.0  0.00014  0.000039  0.86112       0
28  EUR_GBP 2024-04-22 06:00:00+00:00  0.86126  0.86114  0.0  0.0  0.00013  0.000089  0.86126       0
29  EUR_GBP 2024-04-22 06:05:00+00:00  0.86125  0.86126  0.0  0.0  0.00012  0.000067  0.86125       0
30  EUR_GBP 2024-04-22 06:10:00+00:00  0.86130  0.86129  0.0  0.0  0.00014  0.000104  0.86130       0
2024-04-22 09:50:05 CandleManager() new candle:last_candle:24-04-22 06:15 is_ready:True
2024-04-22 09:50:07 tech_manager: max_rows:32 candle_time:2024-04-22 06:15:00+00:00 granularity:M5
2024-04-22 09:50:07 process_candles:
       PAIR                      time    mid-c    mid-o   SL   TP   SPREAD      GAIN     LOSS  SIGNAL
27  EUR_GBP 2024-04-22 05:55:00+00:00  0.86112  0.86110  0.0  0.0  0.00014  0.000039  0.86112       0
28  EUR_GBP 2024-04-22 06:00:00+00:00  0.86126  0.86114  0.0  0.0  0.00013  0.000089  0.86126       0
29  EUR_GBP 2024-04-22 06:05:00+00:00  0.86125  0.86126  0.0  0.0  0.00012  0.000067  0.86125       0
30  EUR_GBP 2024-04-22 06:10:00+00:00  0.86130  0.86129  0.0  0.0  0.00014  0.000104  0.86130       0
31  EUR_GBP 2024-04-22 06:15:00+00:00  0.86126  0.86131  0.0  0.0  0.00013  0.000053  0.86126       0
2024-04-22 09:55:09 CandleManager() new candle:last_candle:24-04-22 06:20 is_ready:True
2024-04-22 09:55:15 tech_manager: max_rows:32 candle_time:2024-04-22 06:20:00+00:00 granularity:M5
2024-04-22 09:55:15 process_candles:
       PAIR                      time    mid-c    mid-o   SL   TP   SPREAD      GAIN     LOSS  SIGNAL
26  EUR_GBP 2024-04-22 06:00:00+00:00  0.86126  0.86114  0.0  0.0  0.00013  0.000089  0.86126       0
27  EUR_GBP 2024-04-22 06:05:00+00:00  0.86125  0.86126  0.0  0.0  0.00012  0.000067  0.86125       0
28  EUR_GBP 2024-04-22 06:10:00+00:00  0.86130  0.86129  0.0  0.0  0.00014  0.000104  0.86130       0
29  EUR_GBP 2024-04-22 06:15:00+00:00  0.86126  0.86131  0.0  0.0  0.00013  0.000053  0.86126       0
30  EUR_GBP 2024-04-22 06:20:00+00:00  0.86126  0.86128  0.0  0.0  0.00013  0.000044  0.86126       0
2024-04-22 10:00:02 CandleManager() new candle:last_candle:24-04-22 06:25 is_ready:True
2024-04-22 10:00:07 tech_manager: max_rows:32 candle_time:2024-04-22 06:25:00+00:00 granularity:M5
2024-04-22 10:00:07 process_candles:
       PAIR                      time    mid-c    mid-o   SL   TP   SPREAD      GAIN     LOSS  SIGNAL
26  EUR_GBP 2024-04-22 06:05:00+00:00  0.86125  0.86126  0.0  0.0  0.00012  0.000067  0.86125       0
27  EUR_GBP 2024-04-22 06:10:00+00:00  0.86130  0.86129  0.0  0.0  0.00014  0.000104  0.86130       0
28  EUR_GBP 2024-04-22 06:15:00+00:00  0.86126  0.86131  0.0  0.0  0.00013  0.000053  0.86126       0
29  EUR_GBP 2024-04-22 06:20:00+00:00  0.86126  0.86128  0.0  0.0  0.00013  0.000044  0.86126       0
30  EUR_GBP 2024-04-22 06:25:00+00:00  0.86121  0.86126  0.0  0.0  0.00012  0.000010  0.86121       0
2024-04-22 10:05:09 CandleManager() new candle:last_candle:24-04-22 06:30 is_ready:True
2024-04-22 10:05:10 tech_manager: max_rows:32 candle_time:2024-04-22 06:30:00+00:00 granularity:M5
2024-04-22 10:05:11 process_candles:
       PAIR                      time    mid-c    mid-o   SL   TP   SPREAD      GAIN     LOSS  SIGNAL
26  EUR_GBP 2024-04-22 06:10:00+00:00  0.86130  0.86129  0.0  0.0  0.00014  0.000104  0.86130       0
27  EUR_GBP 2024-04-22 06:15:00+00:00  0.86126  0.86131  0.0  0.0  0.00013  0.000053  0.86126       0
28  EUR_GBP 2024-04-22 06:20:00+00:00  0.86126  0.86128  0.0  0.0  0.00013  0.000044  0.86126       0
29  EUR_GBP 2024-04-22 06:25:00+00:00  0.86121  0.86126  0.0  0.0  0.00012  0.000010  0.86121       0
30  EUR_GBP 2024-04-22 06:30:00+00:00  0.86123  0.86119  0.0  0.0  0.00014  0.000009  0.86123       0
2024-04-22 10:10:23 CandleManager() new candle:last_candle:24-04-22 06:35 is_ready:True
2024-04-22 10:10:28 tech_manager: max_rows:32 candle_time:2024-04-22 06:35:00+00:00 granularity:M5
2024-04-22 10:10:32 process_candles:
       PAIR                      time    mid-c    mid-o   SL   TP   SPREAD      GAIN     LOSS  SIGNAL
26  EUR_GBP 2024-04-22 06:15:00+00:00  0.86126  0.86131  0.0  0.0  0.00013  0.000053  0.86126       0
27  EUR_GBP 2024-04-22 06:20:00+00:00  0.86126  0.86128  0.0  0.0  0.00013  0.000044  0.86126       0
28  EUR_GBP 2024-04-22 06:25:00+00:00  0.86121  0.86126  0.0  0.0  0.00012  0.000010  0.86121       0
29  EUR_GBP 2024-04-22 06:30:00+00:00  0.86123  0.86119  0.0  0.0  0.00014  0.000009  0.86123       0
30  EUR_GBP 2024-04-22 06:35:00+00:00  0.86118  0.86119  0.0  0.0  0.00013  0.000039  0.86118       0
2024-04-22 10:15:04 CandleManager() new candle:last_candle:24-04-22 06:40 is_ready:True
2024-04-22 10:15:04 tech_manager: max_rows:32 candle_time:2024-04-22 06:40:00+00:00 granularity:M5
2024-04-22 10:15:04 process_candles:
       PAIR                      time    mid-c    mid-o   SL   TP   SPREAD      GAIN     LOSS  SIGNAL
26  EUR_GBP 2024-04-22 06:20:00+00:00  0.86126  0.86128  0.0  0.0  0.00013  0.000044  0.86126       0
27  EUR_GBP 2024-04-22 06:25:00+00:00  0.86121  0.86126  0.0  0.0  0.00012  0.000010  0.86121       0
28  EUR_GBP 2024-04-22 06:30:00+00:00  0.86123  0.86119  0.0  0.0  0.00014  0.000009  0.86123       0
29  EUR_GBP 2024-04-22 06:35:00+00:00  0.86118  0.86119  0.0  0.0  0.00013  0.000039  0.86118       0
30  EUR_GBP 2024-04-22 06:40:00+00:00  0.86119  0.86119  0.0  0.0  0.00014  0.000032  0.86119       0
