2024-04-22 09:18:33 Logwrapper init() ./logs/GBP_JPY.log
2024-04-22 09:18:33 {'n_ma': 12, 'n_std': 2.5, 'maxspread': 0.04, 'mingain': 0.14, 'riskreward': 1.5}
2024-04-22 09:18:39 CandleManager() init last_candle:last_candle:24-04-22 05:40 is_ready:False
2024-04-22 09:20:00 CandleManager() new candle:last_candle:24-04-22 05:45 is_ready:True
2024-04-22 09:20:00 tech_manager: max_rows:32 candle_time:2024-04-22 05:45:00+00:00 granularity:M5
2024-04-22 09:20:01 process_candles:
       PAIR                      time    mid-c    mid-o   SL   TP  SPREAD      GAIN     LOSS  SIGNAL
26  GBP_JPY 2024-04-22 05:25:00+00:00  191.600  191.588  0.0  0.0   0.027  0.024278  191.600       0
27  GBP_JPY 2024-04-22 05:30:00+00:00  191.593  191.602  0.0  0.0   0.026  0.029500  191.593       0
28  GBP_JPY 2024-04-22 05:35:00+00:00  191.596  191.592  0.0  0.0   0.024  0.021556  191.596       0
29  GBP_JPY 2024-04-22 05:40:00+00:00  191.585  191.596  0.0  0.0   0.022  0.026444  191.585       0
30  GBP_JPY 2024-04-22 05:45:00+00:00  191.586  191.586  0.0  0.0   0.026  0.018111  191.586       0
2024-04-22 09:25:05 CandleManager() new candle:last_candle:24-04-22 05:50 is_ready:True
2024-04-22 09:25:10 tech_manager: max_rows:32 candle_time:2024-04-22 05:50:00+00:00 granularity:M5
2024-04-22 09:25:11 process_candles:
       PAIR                      time    mid-c    mid-o   SL   TP  SPREAD      GAIN     LOSS  SIGNAL
26  GBP_JPY 2024-04-22 05:30:00+00:00  191.593  191.602  0.0  0.0   0.026  0.029500  191.593       0
27  GBP_JPY 2024-04-22 05:35:00+00:00  191.596  191.592  0.0  0.0   0.024  0.021556  191.596       0
28  GBP_JPY 2024-04-22 05:40:00+00:00  191.585  191.596  0.0  0.0   0.022  0.026444  191.585       0
29  GBP_JPY 2024-04-22 05:45:00+00:00  191.586  191.586  0.0  0.0   0.026  0.018111  191.586       0
30  GBP_JPY 2024-04-22 05:50:00+00:00  191.592  191.586  0.0  0.0   0.030  0.005417  191.592       0
2024-04-22 09:30:16 CandleManager() new candle:last_candle:24-04-22 05:55 is_ready:True
2024-04-22 09:30:17 tech_manager: max_rows:32 candle_time:2024-04-22 05:55:00+00:00 granularity:M5
2024-04-22 09:30:21 process_candles:
       PAIR                      time    mid-c    mid-o   SL   TP  SPREAD      GAIN     LOSS  SIGNAL
26  GBP_JPY 2024-04-22 05:35:00+00:00  191.596  191.592  0.0  0.0   0.024  0.021556  191.596       0
27  GBP_JPY 2024-04-22 05:40:00+00:00  191.585  191.596  0.0  0.0   0.022  0.026444  191.585       0
28  GBP_JPY 2024-04-22 05:45:00+00:00  191.586  191.586  0.0  0.0   0.026  0.018111  191.586       0
29  GBP_JPY 2024-04-22 05:50:00+00:00  191.592  191.586  0.0  0.0   0.030  0.005417  191.592       0
30  GBP_JPY 2024-04-22 05:55:00+00:00  191.605  191.597  0.0  0.0   0.026  0.012222  191.605       0
2024-04-22 09:35:15 CandleManager() new candle:last_candle:24-04-22 06:00 is_ready:True
2024-04-22 09:35:21 tech_manager: max_rows:32 candle_time:2024-04-22 06:00:00+00:00 granularity:M5
2024-04-22 09:35:21 process_candles:
       PAIR                      time    mid-c    mid-o   SL   TP  SPREAD      GAIN     LOSS  SIGNAL
26  GBP_JPY 2024-04-22 05:40:00+00:00  191.585  191.596  0.0  0.0   0.022  0.026444  191.585       0
27  GBP_JPY 2024-04-22 05:45:00+00:00  191.586  191.586  0.0  0.0   0.026  0.018111  191.586       0
28  GBP_JPY 2024-04-22 05:50:00+00:00  191.592  191.586  0.0  0.0   0.030  0.005417  191.592       0
29  GBP_JPY 2024-04-22 05:55:00+00:00  191.605  191.597  0.0  0.0   0.026  0.012222  191.605       0
30  GBP_JPY 2024-04-22 06:00:00+00:00  191.657  191.602  0.0  0.0   0.026  0.063500  191.657       0
2024-04-22 09:40:12 CandleManager() new candle:last_candle:24-04-22 06:05 is_ready:True
2024-04-22 09:40:17 tech_manager: max_rows:32 candle_time:2024-04-22 06:05:00+00:00 granularity:M5
2024-04-22 09:40:18 process_candles:
       PAIR                      time    mid-c    mid-o   SL   TP  SPREAD      GAIN     LOSS  SIGNAL
26  GBP_JPY 2024-04-22 05:45:00+00:00  191.586  191.586  0.0  0.0   0.026  0.018111  191.586       0
27  GBP_JPY 2024-04-22 05:50:00+00:00  191.592  191.586  0.0  0.0   0.030  0.005417  191.592       0
28  GBP_JPY 2024-04-22 05:55:00+00:00  191.605  191.597  0.0  0.0   0.026  0.012222  191.605       0
29  GBP_JPY 2024-04-22 06:00:00+00:00  191.657  191.602  0.0  0.0   0.026  0.063500  191.657       0
30  GBP_JPY 2024-04-22 06:05:00+00:00  191.674  191.658  0.0  0.0   0.030  0.074167  191.674       0
2024-04-22 09:45:07 CandleManager() new candle:last_candle:24-04-22 06:10 is_ready:True
2024-04-22 09:45:08 tech_manager: max_rows:32 candle_time:2024-04-22 06:10:00+00:00 granularity:M5
2024-04-22 09:45:08 process_candles:
       PAIR                      time    mid-c    mid-o   SL   TP  SPREAD      GAIN     LOSS  SIGNAL
26  GBP_JPY 2024-04-22 05:50:00+00:00  191.592  191.586  0.0  0.0   0.030  0.005417  191.592       0
27  GBP_JPY 2024-04-22 05:55:00+00:00  191.605  191.597  0.0  0.0   0.026  0.012222  191.605       0
28  GBP_JPY 2024-04-22 06:00:00+00:00  191.657  191.602  0.0  0.0   0.026  0.063500  191.657       0
29  GBP_JPY 2024-04-22 06:05:00+00:00  191.674  191.658  0.0  0.0   0.030  0.074167  191.674       0
30  GBP_JPY 2024-04-22 06:10:00+00:00  191.600  191.674  0.0  0.0   0.027  0.003278  191.600       0
2024-04-22 09:50:05 CandleManager() new candle:last_candle:24-04-22 06:15 is_ready:True
2024-04-22 09:50:06 tech_manager: max_rows:32 candle_time:2024-04-22 06:15:00+00:00 granularity:M5
2024-04-22 09:50:06 process_candles:
       PAIR                      time    mid-c    mid-o   SL   TP  SPREAD      GAIN     LOSS  SIGNAL
26  GBP_JPY 2024-04-22 05:55:00+00:00  191.605  191.597  0.0  0.0   0.026  0.012222  191.605       0
27  GBP_JPY 2024-04-22 06:00:00+00:00  191.657  191.602  0.0  0.0   0.026  0.063500  191.657       0
28  GBP_JPY 2024-04-22 06:05:00+00:00  191.674  191.658  0.0  0.0   0.030  0.074167  191.674       0
29  GBP_JPY 2024-04-22 06:10:00+00:00  191.600  191.674  0.0  0.0   0.027  0.003278  191.600       0
30  GBP_JPY 2024-04-22 06:15:00+00:00  191.597  191.599  0.0  0.0   0.030  0.005861  191.597       0
2024-04-22 09:55:05 CandleManager() new candle:last_candle:24-04-22 06:20 is_ready:True
2024-04-22 09:55:14 tech_manager: max_rows:32 candle_time:2024-04-22 06:20:00+00:00 granularity:M5
2024-04-22 09:55:14 process_candles:
       PAIR                      time    mid-c    mid-o   SL   TP  SPREAD      GAIN     LOSS  SIGNAL
26  GBP_JPY 2024-04-22 06:00:00+00:00  191.657  191.602  0.0  0.0   0.026  0.063500  191.657       0
27  GBP_JPY 2024-04-22 06:05:00+00:00  191.674  191.658  0.0  0.0   0.030  0.074167  191.674       0
28  GBP_JPY 2024-04-22 06:10:00+00:00  191.600  191.674  0.0  0.0   0.027  0.003278  191.600       0
29  GBP_JPY 2024-04-22 06:15:00+00:00  191.597  191.599  0.0  0.0   0.030  0.005861  191.597       0
30  GBP_JPY 2024-04-22 06:20:00+00:00  191.594  191.596  0.0  0.0   0.031  0.008444  191.594       0
2024-04-22 10:00:02 CandleManager() new candle:last_candle:24-04-22 06:25 is_ready:True
2024-04-22 10:00:02 tech_manager: max_rows:32 candle_time:2024-04-22 06:25:00+00:00 granularity:M5
2024-04-22 10:00:07 process_candles:
       PAIR                      time    mid-c    mid-o   SL   TP  SPREAD      GAIN     LOSS  SIGNAL
26  GBP_JPY 2024-04-22 06:05:00+00:00  191.674  191.658  0.0  0.0   0.030  0.074167  191.674       0
27  GBP_JPY 2024-04-22 06:10:00+00:00  191.600  191.674  0.0  0.0   0.027  0.003278  191.600       0
28  GBP_JPY 2024-04-22 06:15:00+00:00  191.597  191.599  0.0  0.0   0.030  0.005861  191.597       0
29  GBP_JPY 2024-04-22 06:20:00+00:00  191.594  191.596  0.0  0.0   0.031  0.008444  191.594       0
30  GBP_JPY 2024-04-22 06:25:00+00:00  191.566  191.596  0.0  0.0   0.025  0.035111  191.566       0
2024-04-22 10:05:09 CandleManager() new candle:last_candle:24-04-22 06:30 is_ready:True
2024-04-22 10:05:10 tech_manager: max_rows:32 candle_time:2024-04-22 06:30:00+00:00 granularity:M5
2024-04-22 10:05:10 process_candles:
       PAIR                      time    mid-c    mid-o   SL   TP  SPREAD      GAIN     LOSS  SIGNAL
26  GBP_JPY 2024-04-22 06:10:00+00:00  191.600  191.674  0.0  0.0   0.027  0.003278  191.600       0
27  GBP_JPY 2024-04-22 06:15:00+00:00  191.597  191.599  0.0  0.0   0.030  0.005861  191.597       0
28  GBP_JPY 2024-04-22 06:20:00+00:00  191.594  191.596  0.0  0.0   0.031  0.008444  191.594       0
29  GBP_JPY 2024-04-22 06:25:00+00:00  191.566  191.596  0.0  0.0   0.025  0.035111  191.566       0
30  GBP_JPY 2024-04-22 06:30:00+00:00  191.532  191.566  0.0  0.0   0.028  0.064667  191.532       0
2024-04-22 10:10:18 CandleManager() new candle:last_candle:24-04-22 06:35 is_ready:True
2024-04-22 10:10:24 tech_manager: max_rows:32 candle_time:2024-04-22 06:35:00+00:00 granularity:M5
2024-04-22 10:10:28 process_candles:
       PAIR                      time    mid-c    mid-o   SL   TP  SPREAD      GAIN     LOSS  SIGNAL
26  GBP_JPY 2024-04-22 06:15:00+00:00  191.597  191.599  0.0  0.0   0.030  0.005861  191.597       0
27  GBP_JPY 2024-04-22 06:20:00+00:00  191.594  191.596  0.0  0.0   0.031  0.008444  191.594       0
28  GBP_JPY 2024-04-22 06:25:00+00:00  191.566  191.596  0.0  0.0   0.025  0.035111  191.566       0
29  GBP_JPY 2024-04-22 06:30:00+00:00  191.532  191.566  0.0  0.0   0.028  0.064667  191.532       0
30  GBP_JPY 2024-04-22 06:35:00+00:00  191.549  191.532  0.0  0.0   0.020  0.043389  191.549       0
2024-04-22 10:15:19 CandleManager() new candle:last_candle:24-04-22 06:40 is_ready:True
2024-04-22 10:15:24 tech_manager: max_rows:32 candle_time:2024-04-22 06:40:00+00:00 granularity:M5
2024-04-22 10:15:24 process_candles:
       PAIR                      time    mid-c    mid-o   SL   TP  SPREAD      GAIN     LOSS  SIGNAL
26  GBP_JPY 2024-04-22 06:20:00+00:00  191.594  191.596  0.0  0.0   0.031  0.008444  191.594       0
27  GBP_JPY 2024-04-22 06:25:00+00:00  191.566  191.596  0.0  0.0   0.025  0.035111  191.566       0
28  GBP_JPY 2024-04-22 06:30:00+00:00  191.532  191.566  0.0  0.0   0.028  0.064667  191.532       0
29  GBP_JPY 2024-04-22 06:35:00+00:00  191.549  191.532  0.0  0.0   0.020  0.043389  191.549       0
30  GBP_JPY 2024-04-22 06:40:00+00:00  191.528  191.547  0.0  0.0   0.028  0.059528  191.528       0
