2024-04-22 09:18:33 Logwrapper init() ./logs/GBP_CHF.log
2024-04-22 09:18:33 {'n_ma': 12, 'n_std': 2.5, 'maxspread': 0.0004, 'mingain': 0.0014, 'riskreward': 1.5}
2024-04-22 09:18:39 CandleManager() init last_candle:last_candle:24-04-22 05:40 is_ready:False
2024-04-22 09:20:16 CandleManager() new candle:last_candle:24-04-22 05:45 is_ready:True
2024-04-22 09:20:22 tech_manager: max_rows:32 candle_time:2024-04-22 05:45:00+00:00 granularity:M5
2024-04-22 09:20:22 process_candles:
       PAIR                      time    mid-c    mid-o   SL   TP   SPREAD      GAIN     LOSS  SIGNAL
26  GBP_CHF 2024-04-22 05:25:00+00:00  1.12903  1.12902  0.0  0.0  0.00020  0.000178  1.12903       0
27  GBP_CHF 2024-04-22 05:30:00+00:00  1.12913  1.12902  0.0  0.0  0.00020  0.000064  1.12913       0
28  GBP_CHF 2024-04-22 05:35:00+00:00  1.12922  1.12912  0.0  0.0  0.00019  0.000039  1.12922       0
29  GBP_CHF 2024-04-22 05:40:00+00:00  1.12942  1.12923  0.0  0.0  0.00017  0.000234  1.12942       0
30  GBP_CHF 2024-04-22 05:45:00+00:00  1.12924  1.12942  0.0  0.0  0.00021  0.000058  1.12924       0
2024-04-22 09:25:01 CandleManager() new candle:last_candle:24-04-22 05:50 is_ready:True
2024-04-22 09:25:06 tech_manager: max_rows:32 candle_time:2024-04-22 05:50:00+00:00 granularity:M5
2024-04-22 09:25:06 process_candles:
       PAIR                      time    mid-c    mid-o   SL   TP   SPREAD      GAIN     LOSS  SIGNAL
26  GBP_CHF 2024-04-22 05:30:00+00:00  1.12913  1.12902  0.0  0.0  0.00020  0.000064  1.12913       0
27  GBP_CHF 2024-04-22 05:35:00+00:00  1.12922  1.12912  0.0  0.0  0.00019  0.000039  1.12922       0
28  GBP_CHF 2024-04-22 05:40:00+00:00  1.12942  1.12923  0.0  0.0  0.00017  0.000234  1.12942       0
29  GBP_CHF 2024-04-22 05:45:00+00:00  1.12924  1.12942  0.0  0.0  0.00021  0.000058  1.12924       0
30  GBP_CHF 2024-04-22 05:50:00+00:00  1.12905  1.12924  0.0  0.0  0.00018  0.000121  1.12905       0
2024-04-22 09:30:15 CandleManager() new candle:last_candle:24-04-22 05:55 is_ready:True
2024-04-22 09:30:16 tech_manager: max_rows:32 candle_time:2024-04-22 05:55:00+00:00 granularity:M5
2024-04-22 09:30:17 process_candles:
       PAIR                      time    mid-c    mid-o   SL   TP   SPREAD      GAIN     LOSS  SIGNAL
26  GBP_CHF 2024-04-22 05:35:00+00:00  1.12922  1.12912  0.0  0.0  0.00019  0.000039  1.12922       0
27  GBP_CHF 2024-04-22 05:40:00+00:00  1.12942  1.12923  0.0  0.0  0.00017  0.000234  1.12942       0
28  GBP_CHF 2024-04-22 05:45:00+00:00  1.12924  1.12942  0.0  0.0  0.00021  0.000058  1.12924       0
29  GBP_CHF 2024-04-22 05:50:00+00:00  1.12905  1.12924  0.0  0.0  0.00018  0.000121  1.12905       0
30  GBP_CHF 2024-04-22 05:55:00+00:00  1.12881  1.12904  0.0  0.0  0.00020  0.000330  1.12881       0
2024-04-22 09:35:15 CandleManager() new candle:last_candle:24-04-22 06:00 is_ready:True
2024-04-22 09:35:18 tech_manager: max_rows:32 candle_time:2024-04-22 06:00:00+00:00 granularity:M5
2024-04-22 09:35:20 process_candles:
       PAIR                      time    mid-c    mid-o   SL   TP   SPREAD      GAIN     LOSS  SIGNAL
26  GBP_CHF 2024-04-22 05:40:00+00:00  1.12942  1.12923  0.0  0.0  0.00017  0.000234  1.12942       0
27  GBP_CHF 2024-04-22 05:45:00+00:00  1.12924  1.12942  0.0  0.0  0.00021  0.000058  1.12924       0
28  GBP_CHF 2024-04-22 05:50:00+00:00  1.12905  1.12924  0.0  0.0  0.00018  0.000121  1.12905       0
29  GBP_CHF 2024-04-22 05:55:00+00:00  1.12881  1.12904  0.0  0.0  0.00020  0.000330  1.12881       0
30  GBP_CHF 2024-04-22 06:00:00+00:00  1.12885  1.12882  0.0  0.0  0.00016  0.000247  1.12885       0
2024-04-22 09:40:10 CandleManager() new candle:last_candle:24-04-22 06:05 is_ready:True
2024-04-22 09:40:13 tech_manager: max_rows:32 candle_time:2024-04-22 06:05:00+00:00 granularity:M5
2024-04-22 09:40:17 process_candles:
       PAIR                      time    mid-c    mid-o   SL   TP   SPREAD      GAIN     LOSS  SIGNAL
26  GBP_CHF 2024-04-22 05:45:00+00:00  1.12924  1.12942  0.0  0.0  0.00021  0.000058  1.12924       0
27  GBP_CHF 2024-04-22 05:50:00+00:00  1.12905  1.12924  0.0  0.0  0.00018  0.000121  1.12905       0
28  GBP_CHF 2024-04-22 05:55:00+00:00  1.12881  1.12904  0.0  0.0  0.00020  0.000330  1.12881       0
29  GBP_CHF 2024-04-22 06:00:00+00:00  1.12885  1.12882  0.0  0.0  0.00016  0.000248  1.12885       0
30  GBP_CHF 2024-04-22 06:05:00+00:00  1.12901  1.12884  0.0  0.0  0.00020  0.000073  1.12901       0
2024-04-22 09:45:02 CandleManager() new candle:last_candle:24-04-22 06:10 is_ready:True
2024-04-22 09:45:07 tech_manager: max_rows:32 candle_time:2024-04-22 06:10:00+00:00 granularity:M5
2024-04-22 09:45:07 process_candles:
       PAIR                      time    mid-c    mid-o   SL   TP   SPREAD      GAIN     LOSS  SIGNAL
26  GBP_CHF 2024-04-22 05:50:00+00:00  1.12905  1.12924  0.0  0.0  0.00018  0.000121  1.12905       0
27  GBP_CHF 2024-04-22 05:55:00+00:00  1.12881  1.12904  0.0  0.0  0.00020  0.000330  1.12881       0
28  GBP_CHF 2024-04-22 06:00:00+00:00  1.12885  1.12882  0.0  0.0  0.00016  0.000248  1.12885       0
29  GBP_CHF 2024-04-22 06:05:00+00:00  1.12901  1.12884  0.0  0.0  0.00020  0.000073  1.12901       0
30  GBP_CHF 2024-04-22 06:10:00+00:00  1.12887  1.12900  0.0  0.0  0.00020  0.000197  1.12887       0
2024-04-22 09:50:00 CandleManager() new candle:last_candle:24-04-22 06:15 is_ready:True
2024-04-22 09:50:05 tech_manager: max_rows:32 candle_time:2024-04-22 06:15:00+00:00 granularity:M5
2024-04-22 09:50:06 process_candles:
       PAIR                      time    mid-c    mid-o   SL   TP   SPREAD      GAIN     LOSS  SIGNAL
26  GBP_CHF 2024-04-22 05:55:00+00:00  1.12881  1.12904  0.0  0.0  0.00020  0.000330  1.12881       0
27  GBP_CHF 2024-04-22 06:00:00+00:00  1.12885  1.12882  0.0  0.0  0.00016  0.000248  1.12885       0
28  GBP_CHF 2024-04-22 06:05:00+00:00  1.12901  1.12884  0.0  0.0  0.00020  0.000073  1.12901       0
29  GBP_CHF 2024-04-22 06:10:00+00:00  1.12887  1.12900  0.0  0.0  0.00020  0.000197  1.12887       0
30  GBP_CHF 2024-04-22 06:15:00+00:00  1.12890  1.12887  0.0  0.0  0.00019  0.000139  1.12890       0
2024-04-22 09:55:04 CandleManager() new candle:last_candle:24-04-22 06:20 is_ready:True
2024-04-22 09:55:09 tech_manager: max_rows:32 candle_time:2024-04-22 06:20:00+00:00 granularity:M5
2024-04-22 09:55:13 process_candles:
       PAIR                      time    mid-c    mid-o   SL   TP   SPREAD      GAIN     LOSS  SIGNAL
26  GBP_CHF 2024-04-22 06:00:00+00:00  1.12885  1.12882  0.0  0.0  0.00016  0.000248  1.12885       0
27  GBP_CHF 2024-04-22 06:05:00+00:00  1.12901  1.12884  0.0  0.0  0.00020  0.000073  1.12901       0
28  GBP_CHF 2024-04-22 06:10:00+00:00  1.12887  1.12900  0.0  0.0  0.00020  0.000197  1.12887       0
29  GBP_CHF 2024-04-22 06:15:00+00:00  1.12890  1.12887  0.0  0.0  0.00019  0.000139  1.12890       0
30  GBP_CHF 2024-04-22 06:20:00+00:00  1.12895  1.12892  0.0  0.0  0.00018  0.000071  1.12895       0
2024-04-22 10:00:18 CandleManager() new candle:last_candle:24-04-22 06:25 is_ready:True
2024-04-22 10:00:27 tech_manager: max_rows:32 candle_time:2024-04-22 06:25:00+00:00 granularity:M5
2024-04-22 10:00:27 process_candles:
       PAIR                      time    mid-c    mid-o   SL   TP   SPREAD      GAIN     LOSS  SIGNAL
26  GBP_CHF 2024-04-22 06:05:00+00:00  1.12901  1.12884  0.0  0.0  0.00020  0.000073  1.12901       0
27  GBP_CHF 2024-04-22 06:10:00+00:00  1.12887  1.12900  0.0  0.0  0.00020  0.000197  1.12887       0
28  GBP_CHF 2024-04-22 06:15:00+00:00  1.12890  1.12887  0.0  0.0  0.00019  0.000139  1.12890       0
29  GBP_CHF 2024-04-22 06:20:00+00:00  1.12895  1.12892  0.0  0.0  0.00018  0.000071  1.12895       0
30  GBP_CHF 2024-04-22 06:25:00+00:00  1.12881  1.12895  0.0  0.0  0.00016  0.000201  1.12881       0
2024-04-22 10:05:04 CandleManager() new candle:last_candle:24-04-22 06:30 is_ready:True
2024-04-22 10:05:09 tech_manager: max_rows:32 candle_time:2024-04-22 06:30:00+00:00 granularity:M5
2024-04-22 10:05:09 process_candles:
       PAIR                      time    mid-c    mid-o   SL   TP   SPREAD      GAIN     LOSS  SIGNAL
26  GBP_CHF 2024-04-22 06:10:00+00:00  1.12887  1.12900  0.0  0.0  0.00020  0.000197  1.12887       0
27  GBP_CHF 2024-04-22 06:15:00+00:00  1.12890  1.12887  0.0  0.0  0.00019  0.000139  1.12890       0
28  GBP_CHF 2024-04-22 06:20:00+00:00  1.12895  1.12892  0.0  0.0  0.00018  0.000071  1.12895       0
29  GBP_CHF 2024-04-22 06:25:00+00:00  1.12881  1.12895  0.0  0.0  0.00016  0.000201  1.12881       0
30  GBP_CHF 2024-04-22 06:30:00+00:00  1.12834  1.12882  0.0  0.0  0.00015  0.000609  1.12834       0
2024-04-22 10:10:18 CandleManager() new candle:last_candle:24-04-22 06:35 is_ready:True
2024-04-22 10:10:23 tech_manager: max_rows:32 candle_time:2024-04-22 06:35:00+00:00 granularity:M5
2024-04-22 10:10:23 process_candles:
       PAIR                      time    mid-c    mid-o   SL   TP   SPREAD      GAIN     LOSS  SIGNAL
26  GBP_CHF 2024-04-22 06:15:00+00:00  1.12890  1.12887  0.0  0.0  0.00019  0.000139  1.12890       0
27  GBP_CHF 2024-04-22 06:20:00+00:00  1.12895  1.12892  0.0  0.0  0.00018  0.000071  1.12895       0
28  GBP_CHF 2024-04-22 06:25:00+00:00  1.12881  1.12895  0.0  0.0  0.00016  0.000201  1.12881       0
29  GBP_CHF 2024-04-22 06:30:00+00:00  1.12834  1.12882  0.0  0.0  0.00015  0.000609  1.12834       0
30  GBP_CHF 2024-04-22 06:35:00+00:00  1.12872  1.12836  0.0  0.0  0.00017  0.000182  1.12872       0
2024-04-22 10:15:14 CandleManager() new candle:last_candle:24-04-22 06:40 is_ready:True
2024-04-22 10:15:23 tech_manager: max_rows:32 candle_time:2024-04-22 06:40:00+00:00 granularity:M5
2024-04-22 10:15:23 process_candles:
       PAIR                      time    mid-c    mid-o   SL   TP   SPREAD      GAIN     LOSS  SIGNAL
26  GBP_CHF 2024-04-22 06:20:00+00:00  1.12895  1.12892  0.0  0.0  0.00018  0.000071  1.12895       0
27  GBP_CHF 2024-04-22 06:25:00+00:00  1.12881  1.12895  0.0  0.0  0.00016  0.000201  1.12881       0
28  GBP_CHF 2024-04-22 06:30:00+00:00  1.12834  1.12882  0.0  0.0  0.00015  0.000609  1.12834       0
29  GBP_CHF 2024-04-22 06:35:00+00:00  1.12872  1.12836  0.0  0.0  0.00017  0.000182  1.12872       0
30  GBP_CHF 2024-04-22 06:40:00+00:00  1.12834  1.12870  0.0  0.0  0.00017  0.000478  1.12834       0
