2024-04-22 09:18:33 Logwrapper init() ./logs/GBP_USD.log
2024-04-22 09:18:33 {'n_ma': 12, 'n_std': 2.5, 'maxspread': 0.0004, 'mingain': 0.0014, 'riskreward': 1.5}
2024-04-22 09:18:39 CandleManager() init last_candle:last_candle:24-04-22 05:40 is_ready:False
2024-04-22 09:20:00 CandleManager() new candle:last_candle:24-04-22 05:45 is_ready:True
2024-04-22 09:20:01 tech_manager: max_rows:32 candle_time:2024-04-22 05:45:00+00:00 granularity:M5
2024-04-22 09:20:05 process_candles:
       PAIR                      time    mid_c    mid_o   SL   TP   SPREAD      GAIN     LOSS  SIGNAL
26  GBP_USD 2024-04-22 05:25:00+00:00  1.23844  1.23832  0.0  0.0  0.00019  0.000189  1.23844       0
27  GBP_USD 2024-04-22 05:30:00+00:00  1.23836  1.23844  0.0  0.0  0.00020  0.000244  1.23836       0
28  GBP_USD 2024-04-22 05:35:00+00:00  1.23821  1.23834  0.0  0.0  0.00018  0.000345  1.23821       0
29  GBP_USD 2024-04-22 05:40:00+00:00  1.23820  1.23820  0.0  0.0  0.00017  0.000294  1.23820       0
30  GBP_USD 2024-04-22 05:45:00+00:00  1.23835  1.23822  0.0  0.0  0.00016  0.000095  1.23835       0
2024-04-22 09:25:06 CandleManager() new candle:last_candle:24-04-22 05:50 is_ready:True
2024-04-22 09:25:11 tech_manager: max_rows:32 candle_time:2024-04-22 05:50:00+00:00 granularity:M5
2024-04-22 09:25:11 process_candles:
       PAIR                      time    mid_c    mid_o   SL   TP   SPREAD      GAIN     LOSS  SIGNAL
26  GBP_USD 2024-04-22 05:30:00+00:00  1.23836  1.23844  0.0  0.0  0.00020  0.000244  1.23836       0
27  GBP_USD 2024-04-22 05:35:00+00:00  1.23821  1.23834  0.0  0.0  0.00018  0.000345  1.23821       0
28  GBP_USD 2024-04-22 05:40:00+00:00  1.23820  1.23820  0.0  0.0  0.00017  0.000294  1.23820       0
29  GBP_USD 2024-04-22 05:45:00+00:00  1.23835  1.23822  0.0  0.0  0.00016  0.000095  1.23835       0
30  GBP_USD 2024-04-22 05:50:00+00:00  1.23845  1.23834  0.0  0.0  0.00018  0.000038  1.23845       0
2024-04-22 09:30:16 CandleManager() new candle:last_candle:24-04-22 05:55 is_ready:True
2024-04-22 09:30:21 tech_manager: max_rows:32 candle_time:2024-04-22 05:55:00+00:00 granularity:M5
2024-04-22 09:30:22 process_candles:
       PAIR                      time    mid_c    mid_o   SL   TP   SPREAD      GAIN     LOSS  SIGNAL
26  GBP_USD 2024-04-22 05:35:00+00:00  1.23821  1.23834  0.0  0.0  0.00018  0.000345  1.23821       0
27  GBP_USD 2024-04-22 05:40:00+00:00  1.23820  1.23820  0.0  0.0  0.00017  0.000294  1.23820       0
28  GBP_USD 2024-04-22 05:45:00+00:00  1.23835  1.23822  0.0  0.0  0.00016  0.000095  1.23835       0
29  GBP_USD 2024-04-22 05:50:00+00:00  1.23845  1.23834  0.0  0.0  0.00018  0.000038  1.23845       0
30  GBP_USD 2024-04-22 05:55:00+00:00  1.23836  1.23842  0.0  0.0  0.00018  0.000023  1.23836       0
2024-04-22 09:35:00 CandleManager() new candle:last_candle:24-04-22 06:00 is_ready:True
2024-04-22 09:35:00 tech_manager: max_rows:32 candle_time:2024-04-22 06:00:00+00:00 granularity:M5
2024-04-22 09:35:00 process_candles:
       PAIR                      time    mid_c    mid_o   SL   TP   SPREAD      GAIN     LOSS  SIGNAL
27  GBP_USD 2024-04-22 05:40:00+00:00  1.23820  1.23820  0.0  0.0  0.00017  0.000294  1.23820       0
28  GBP_USD 2024-04-22 05:45:00+00:00  1.23835  1.23822  0.0  0.0  0.00016  0.000095  1.23835       0
29  GBP_USD 2024-04-22 05:50:00+00:00  1.23845  1.23834  0.0  0.0  0.00018  0.000038  1.23845       0
30  GBP_USD 2024-04-22 05:55:00+00:00  1.23836  1.23842  0.0  0.0  0.00018  0.000023  1.23836       0
31  GBP_USD 2024-04-22 06:00:00+00:00  1.23852  1.23833  0.0  0.0  0.00017  0.000151  1.23852       0
2024-04-22 09:40:12 CandleManager() new candle:last_candle:24-04-22 06:05 is_ready:True
2024-04-22 09:40:18 tech_manager: max_rows:32 candle_time:2024-04-22 06:05:00+00:00 granularity:M5
2024-04-22 09:40:22 process_candles:
       PAIR                      time    mid_c    mid_o   SL   TP   SPREAD      GAIN     LOSS  SIGNAL
26  GBP_USD 2024-04-22 05:45:00+00:00  1.23835  1.23822  0.0  0.0  0.00016  0.000095  1.23835       0
27  GBP_USD 2024-04-22 05:50:00+00:00  1.23845  1.23834  0.0  0.0  0.00018  0.000038  1.23845       0
28  GBP_USD 2024-04-22 05:55:00+00:00  1.23836  1.23842  0.0  0.0  0.00018  0.000023  1.23836       0
29  GBP_USD 2024-04-22 06:00:00+00:00  1.23852  1.23833  0.0  0.0  0.00017  0.000151  1.23852       0
30  GBP_USD 2024-04-22 06:05:00+00:00  1.23873  1.23850  0.0  0.0  0.00020  0.000353  1.23873       0
2024-04-22 09:45:07 CandleManager() new candle:last_candle:24-04-22 06:10 is_ready:True
2024-04-22 09:45:08 tech_manager: max_rows:32 candle_time:2024-04-22 06:10:00+00:00 granularity:M5
2024-04-22 09:45:08 process_candles:
       PAIR                      time    mid_c    mid_o   SL   TP   SPREAD      GAIN     LOSS  SIGNAL
26  GBP_USD 2024-04-22 05:50:00+00:00  1.23845  1.23834  0.0  0.0  0.00018  0.000038  1.23845       0
27  GBP_USD 2024-04-22 05:55:00+00:00  1.23836  1.23842  0.0  0.0  0.00018  0.000023  1.23836       0
28  GBP_USD 2024-04-22 06:00:00+00:00  1.23852  1.23833  0.0  0.0  0.00017  0.000151  1.23852       0
29  GBP_USD 2024-04-22 06:05:00+00:00  1.23873  1.23850  0.0  0.0  0.00020  0.000353  1.23873       0
30  GBP_USD 2024-04-22 06:10:00+00:00  1.23821  1.23872  0.0  0.0  0.00018  0.000159  1.23821       0
2024-04-22 09:50:05 CandleManager() new candle:last_candle:24-04-22 06:15 is_ready:True
2024-04-22 09:50:06 tech_manager: max_rows:32 candle_time:2024-04-22 06:15:00+00:00 granularity:M5
2024-04-22 09:50:07 process_candles:
       PAIR                      time    mid_c    mid_o   SL   TP   SPREAD      GAIN     LOSS  SIGNAL
26  GBP_USD 2024-04-22 05:55:00+00:00  1.23836  1.23842  0.0  0.0  0.00018  0.000023  1.23836       0
27  GBP_USD 2024-04-22 06:00:00+00:00  1.23852  1.23833  0.0  0.0  0.00017  0.000151  1.23852       0
28  GBP_USD 2024-04-22 06:05:00+00:00  1.23873  1.23850  0.0  0.0  0.00020  0.000353  1.23873       0
29  GBP_USD 2024-04-22 06:10:00+00:00  1.23821  1.23872  0.0  0.0  0.00018  0.000159  1.23821       0
30  GBP_USD 2024-04-22 06:15:00+00:00  1.23836  1.23822  0.0  0.0  0.00017  0.000002  1.23836       0
2024-04-22 09:55:05 CandleManager() new candle:last_candle:24-04-22 06:20 is_ready:True
2024-04-22 09:55:14 tech_manager: max_rows:32 candle_time:2024-04-22 06:20:00+00:00 granularity:M5
2024-04-22 09:55:15 process_candles:
       PAIR                      time    mid_c    mid_o   SL   TP   SPREAD      GAIN     LOSS  SIGNAL
26  GBP_USD 2024-04-22 06:00:00+00:00  1.23852  1.23833  0.0  0.0  0.00017  0.000151  1.23852       0
27  GBP_USD 2024-04-22 06:05:00+00:00  1.23873  1.23850  0.0  0.0  0.00020  0.000353  1.23873       0
28  GBP_USD 2024-04-22 06:10:00+00:00  1.23821  1.23872  0.0  0.0  0.00018  0.000159  1.23821       0
29  GBP_USD 2024-04-22 06:15:00+00:00  1.23836  1.23822  0.0  0.0  0.00017  0.000002  1.23836       0
30  GBP_USD 2024-04-22 06:20:00+00:00  1.23830  1.23832  0.0  0.0  0.00019  0.000049  1.23830       0
2024-04-22 10:00:02 CandleManager() new candle:last_candle:24-04-22 06:25 is_ready:True
2024-04-22 10:00:07 tech_manager: max_rows:32 candle_time:2024-04-22 06:25:00+00:00 granularity:M5
2024-04-22 10:00:07 process_candles:
       PAIR                      time    mid_c    mid_o   SL   TP   SPREAD      GAIN     LOSS  SIGNAL
26  GBP_USD 2024-04-22 06:05:00+00:00  1.23873  1.23850  0.0  0.0  0.00020  0.000353  1.23873       0
27  GBP_USD 2024-04-22 06:10:00+00:00  1.23821  1.23872  0.0  0.0  0.00018  0.000159  1.23821       0
28  GBP_USD 2024-04-22 06:15:00+00:00  1.23836  1.23822  0.0  0.0  0.00017  0.000002  1.23836       0
29  GBP_USD 2024-04-22 06:20:00+00:00  1.23830  1.23832  0.0  0.0  0.00019  0.000049  1.23830       0
30  GBP_USD 2024-04-22 06:25:00+00:00  1.23824  1.23830  0.0  0.0  0.00015  0.000099  1.23824       0
2024-04-22 10:05:09 CandleManager() new candle:last_candle:24-04-22 06:30 is_ready:True
2024-04-22 10:05:10 tech_manager: max_rows:32 candle_time:2024-04-22 06:30:00+00:00 granularity:M5
2024-04-22 10:05:10 process_candles:
       PAIR                      time    mid_c    mid_o   SL   TP   SPREAD      GAIN     LOSS  SIGNAL
26  GBP_USD 2024-04-22 06:10:00+00:00  1.23821  1.23872  0.0  0.0  0.00018  0.000159  1.23821       0
27  GBP_USD 2024-04-22 06:15:00+00:00  1.23836  1.23822  0.0  0.0  0.00017  0.000002  1.23836       0
28  GBP_USD 2024-04-22 06:20:00+00:00  1.23830  1.23832  0.0  0.0  0.00019  0.000049  1.23830       0
29  GBP_USD 2024-04-22 06:25:00+00:00  1.23824  1.23830  0.0  0.0  0.00015  0.000099  1.23824       0
30  GBP_USD 2024-04-22 06:30:00+00:00  1.23824  1.23824  0.0  0.0  0.00018  0.000084  1.23824       0
2024-04-22 10:10:03 CandleManager() new candle:last_candle:24-04-22 06:35 is_ready:True
2024-04-22 10:10:03 tech_manager: max_rows:32 candle_time:2024-04-22 06:35:00+00:00 granularity:M5
2024-04-22 10:10:07 process_candles:
       PAIR                      time    mid_c    mid_o   SL   TP   SPREAD      GAIN     LOSS  SIGNAL
26  GBP_USD 2024-04-22 06:15:00+00:00  1.23836  1.23822  0.0  0.0  0.00017  0.000002  1.23836       0
27  GBP_USD 2024-04-22 06:20:00+00:00  1.23830  1.23832  0.0  0.0  0.00019  0.000049  1.23830       0
28  GBP_USD 2024-04-22 06:25:00+00:00  1.23824  1.23830  0.0  0.0  0.00015  0.000099  1.23824       0
29  GBP_USD 2024-04-22 06:30:00+00:00  1.23824  1.23824  0.0  0.0  0.00018  0.000084  1.23824       0
30  GBP_USD 2024-04-22 06:35:00+00:00  1.23820  1.23822  0.0  0.0  0.00016  0.000121  1.23820       0
2024-04-22 10:15:19 CandleManager() new candle:last_candle:24-04-22 06:40 is_ready:True
2024-04-22 10:15:24 tech_manager: max_rows:32 candle_time:2024-04-22 06:40:00+00:00 granularity:M5
2024-04-22 10:15:24 process_candles:
       PAIR                      time    mid_c    mid_o   SL   TP   SPREAD      GAIN     LOSS  SIGNAL
26  GBP_USD 2024-04-22 06:20:00+00:00  1.23830  1.23832  0.0  0.0  0.00019  0.000049  1.23830       0
27  GBP_USD 2024-04-22 06:25:00+00:00  1.23824  1.23830  0.0  0.0  0.00015  0.000099  1.23824       0
28  GBP_USD 2024-04-22 06:30:00+00:00  1.23824  1.23824  0.0  0.0  0.00018  0.000084  1.23824       0
29  GBP_USD 2024-04-22 06:35:00+00:00  1.23820  1.23822  0.0  0.0  0.00016  0.000121  1.23820       0
30  GBP_USD 2024-04-22 06:40:00+00:00  1.23814  1.23817  0.0  0.0  0.00015  0.000173  1.23814       0
