2024-06-03 04:47:55 Logwrapper init() ./logs/GBPJPY.log
2024-06-03 04:47:55 {'n_ma': 12, 'n_std': 2.0, 'maxspread': 0.04, 'mingain': 0.06, 'riskreward': 1.5}
2024-06-03 04:47:57 CandleManager() init last_candle:last_candle:24-06-03 01:16 is_ready:False
2024-06-03 04:48:08 CandleManager() new candle:last_candle:24-06-03 01:17 is_ready:True
2024-06-03 04:48:08 tech_manager: max_rows:-32 candle_time:2024-06-03 01:17:00 granularity:M1
2024-06-03 04:48:10 process_candles:
      PAIR                time     mid_c    mid_o   SL   TP  SPREAD      GAIN      LOSS  SIGNAL
25  GBPJPY 2024-06-03 01:13:00  200.3215  200.347  0.0  0.0   0.013  0.045014  200.3215       0
26  GBPJPY 2024-06-03 01:14:00  200.3295  200.321  0.0  0.0   0.013  0.030708  200.3295       0
27  GBPJPY 2024-06-03 01:15:00  200.3300  200.330  0.0  0.0   0.012  0.027333  200.3300       0
28  GBPJPY 2024-06-03 01:16:00  200.3350  200.329  0.0  0.0   0.018  0.019472  200.3350       0
29  GBPJPY 2024-06-03 01:17:00  200.3600  200.337  0.0  0.0   0.012  0.007139  200.3600       0
2024-06-03 04:49:06 CandleManager() new candle:last_candle:24-06-03 01:18 is_ready:True
2024-06-03 04:49:06 tech_manager: max_rows:-32 candle_time:2024-06-03 01:18:00 granularity:M1
2024-06-03 04:49:07 process_candles:
      PAIR                time     mid_c     mid_o   SL   TP  SPREAD      GAIN      LOSS  SIGNAL
25  GBPJPY 2024-06-03 01:14:00  200.3295  200.3210  0.0  0.0   0.013  0.030708  200.3295       0
26  GBPJPY 2024-06-03 01:15:00  200.3300  200.3300  0.0  0.0   0.012  0.027333  200.3300       0
27  GBPJPY 2024-06-03 01:16:00  200.3350  200.3290  0.0  0.0   0.018  0.019472  200.3350       0
28  GBPJPY 2024-06-03 01:17:00  200.3600  200.3370  0.0  0.0   0.012  0.007139  200.3600       0
29  GBPJPY 2024-06-03 01:18:00  200.3325  200.3565  0.0  0.0   0.013  0.019653  200.3325       0
2024-06-03 04:50:03 CandleManager() new candle:last_candle:24-06-03 01:19 is_ready:True
2024-06-03 04:50:03 tech_manager: max_rows:-32 candle_time:2024-06-03 01:19:00 granularity:M1
2024-06-03 04:50:04 process_candles:
      PAIR                time     mid_c     mid_o          SL          TP  SPREAD      GAIN        LOSS  SIGNAL
25  GBPJPY 2024-06-03 01:15:00  200.3300  200.3300    0.000000    0.000000   0.012  0.027333  200.330000       0
26  GBPJPY 2024-06-03 01:16:00  200.3350  200.3290    0.000000    0.000000   0.018  0.019472  200.335000       0
27  GBPJPY 2024-06-03 01:17:00  200.3600  200.3370    0.000000    0.000000   0.012  0.007139  200.360000       0
28  GBPJPY 2024-06-03 01:18:00  200.3325  200.3565    0.000000    0.000000   0.013  0.019653  200.332500       0
29  GBPJPY 2024-06-03 01:19:00  200.2350  200.3330  200.162065  200.344403   0.016  0.109403    0.072935       1
2024-06-03 04:50:04 Place Trade: TradeDecision(): GBPJPY dir:1 gain:0.1094 sl:200.1621 tp:200.3444
2024-06-03 04:50:05 get_trade_size() our_pip_value 0.586524
2024-06-03 04:50:05 get_trade_size() num_pips:7.293518518517317 per_pip_loss:0.68554018027179 ratio:1.168818585756191 trade_pure:11688.18585756191 trade_size:11000
2024-06-03 04:50:05 placed trade_id:175760108 for TradeDecision(): GBPJPY dir:1 gain:0.1094 sl:200.1621 tp:200.3444
2024-06-03 04:51:01 CandleManager() new candle:last_candle:24-06-03 01:20 is_ready:True
2024-06-03 04:51:01 tech_manager: max_rows:-32 candle_time:2024-06-03 01:20:00 granularity:M1
2024-06-03 04:51:02 process_candles:
      PAIR                time     mid_c     mid_o          SL          TP  SPREAD      GAIN        LOSS  SIGNAL
25  GBPJPY 2024-06-03 01:16:00  200.3350  200.3290    0.000000    0.000000   0.018  0.019472  200.335000       0
26  GBPJPY 2024-06-03 01:17:00  200.3600  200.3370    0.000000    0.000000   0.012  0.007139  200.360000       0
27  GBPJPY 2024-06-03 01:18:00  200.3325  200.3565    0.000000    0.000000   0.013  0.019653  200.332500       0
28  GBPJPY 2024-06-03 01:19:00  200.2350  200.3330  200.162065  200.344403   0.016  0.109403    0.072935       1
29  GBPJPY 2024-06-03 01:20:00  200.2015  200.2340  200.115926  200.329861   0.017  0.128361    0.085574       1
2024-06-03 04:51:02 Place Trade: TradeDecision(): GBPJPY dir:1 gain:0.1284 sl:200.1159 tp:200.3299
2024-06-03 04:51:03 get_trade_size() our_pip_value 0.586648
2024-06-03 04:51:03 get_trade_size() num_pips:8.557407407406004 per_pip_loss:0.5842891149102885 ratio:0.9959792252760773 trade_pure:9959.792252760773 trade_size:9000
2024-06-03 04:51:03 placed trade_id:175760109 for TradeDecision(): GBPJPY dir:1 gain:0.1284 sl:200.1159 tp:200.3299
2024-06-03 04:52:10 CandleManager() new candle:last_candle:24-06-03 01:21 is_ready:True
2024-06-03 04:52:10 tech_manager: max_rows:-32 candle_time:2024-06-03 01:21:00 granularity:M1
2024-06-03 04:52:12 process_candles:
      PAIR                time     mid_c     mid_o          SL          TP  SPREAD      GAIN        LOSS  SIGNAL
25  GBPJPY 2024-06-03 01:17:00  200.3600  200.3370    0.000000    0.000000   0.012  0.007139  200.360000       0
26  GBPJPY 2024-06-03 01:18:00  200.3325  200.3565    0.000000    0.000000   0.013  0.019653  200.332500       0
27  GBPJPY 2024-06-03 01:19:00  200.2350  200.3330  200.162065  200.344403   0.016  0.109403    0.072935       1
28  GBPJPY 2024-06-03 01:20:00  200.2015  200.2340  200.115926  200.329861   0.017  0.128361    0.085574       1
29  GBPJPY 2024-06-03 01:21:00  200.2405  200.2025    0.000000    0.000000   0.013  0.075931  200.240500       0
