2024-06-18 21:28:18 Logwrapper init() ./logs/PriceStreamer.log
2024-06-18 21:28:28 
2024-06-18 21:28:28 
  instrument  ...        bid
0    GBP_JPY  ...  200.50500
1    GBP_CHF  ...    1.12352
2    EUR_CHF  ...    0.94949
3    GBP_USD  ...    1.27024
4    EUR_GBP  ...    0.84506
5    EUR_USD  ...    1.07351

[6 rows x 4 columns]
2024-06-18 21:29:28 
2024-06-18 21:29:28 
  instrument  ...        bid
0    GBP_JPY  ...  200.52200
1    GBP_CHF  ...    1.12361
2    EUR_CHF  ...    0.94952
3    GBP_USD  ...    1.27032
4    EUR_GBP  ...    0.84505
5    EUR_USD  ...    1.07349

[6 rows x 4 columns]
