2024-04-22 14:51:39 Logwrapper init() ./logs/WorkProcessor.log
2024-04-22 14:51:43 New Work: LiveApiPrice() GBP_USD 1.23163 1.23151 2024-04-22 11:21:37.059899+00:00
2024-04-22 14:51:50 New Work: LiveApiPrice() EUR_GBP 0.86406 0.86396 2024-04-22 11:21:33.580595+00:00
2024-04-22 14:51:57 New Work: LiveApiPrice() EUR_CHF 0.97027 0.97011 2024-04-22 11:21:45.158919+00:00
2024-04-22 14:52:04 New Work: LiveApiPrice() EUR_CHF 0.97027 0.9701 2024-04-22 11:21:50.129126+00:00
2024-04-22 14:52:11 New Work: LiveApiPrice() GBP_USD 1.23162 1.23151 2024-04-22 11:21:53.258391+00:00
2024-04-22 14:52:18 New Work: LiveApiPrice() GBP_JPY 190.6 190.571 2024-04-22 11:22:03.710338+00:00
2024-04-22 14:52:25 New Work: LiveApiPrice() EUR_GBP 0.86406 0.86396 2024-04-22 11:22:19.406612+00:00
2024-04-22 14:52:32 New Work: LiveApiPrice() GBP_JPY 190.591 190.57 2024-04-22 11:22:18.940309+00:00
2024-04-22 14:52:39 New Work: LiveApiPrice() GBP_CHF 1.12291 1.12274 2024-04-22 11:22:24.160328+00:00
2024-04-22 14:52:46 New Work: LiveApiPrice() GBP_USD 1.23165 1.23155 2024-04-22 11:22:39.218105+00:00
2024-04-22 14:52:53 New Work: LiveApiPrice() GBP_CHF 1.12287 1.12269 2024-04-22 11:22:49.355057+00:00
2024-04-22 14:53:00 New Work: LiveApiPrice() EUR_CHF 0.97024 0.97008 2024-04-22 11:22:56.875779+00:00
2024-04-22 14:53:07 New Work: LiveApiPrice() EUR_CHF 0.97024 0.97008 2024-04-22 11:22:59.059714+00:00
2024-04-22 14:53:14 New Work: LiveApiPrice() GBP_USD 1.23153 1.2314 2024-04-22 11:23:01.776089+00:00
2024-04-22 14:53:21 New Work: LiveApiPrice() GBP_CHF 1.12283 1.12267 2024-04-22 11:23:01.420695+00:00
2024-04-22 14:53:28 New Work: LiveApiPrice() GBP_CHF 1.12286 1.1227 2024-04-22 11:23:07.069956+00:00
2024-04-22 14:53:35 New Work: LiveApiPrice() GBP_CHF 1.12289 1.12272 2024-04-22 11:23:12.093878+00:00
2024-04-22 14:53:42 New Work: LiveApiPrice() EUR_CHF 0.97024 0.9701 2024-04-22 11:23:16.286217+00:00
2024-04-22 14:53:49 New Work: LiveApiPrice() GBP_USD 1.23152 1.23142 2024-04-22 11:23:33.705995+00:00
2024-04-22 14:53:56 New Work: LiveApiPrice() EUR_GBP 0.86412 0.86404 2024-04-22 11:23:32.302681+00:00
2024-04-22 14:54:03 New Work: LiveApiPrice() GBP_JPY 190.584 190.554 2024-04-22 11:23:39.494417+00:00
2024-04-22 14:54:10 New Work: LiveApiPrice() GBP_USD 1.23155 1.23144 2024-04-22 11:23:39.247279+00:00
2024-04-22 14:54:17 New Work: LiveApiPrice() GBP_JPY 190.589 190.559 2024-04-22 11:23:42.712851+00:00
2024-04-22 14:54:24 New Work: LiveApiPrice() GBP_CHF 1.12298 1.1228 2024-04-22 11:23:45.591354+00:00
2024-04-22 14:54:31 New Work: LiveApiPrice() GBP_USD 1.23156 1.23146 2024-04-22 11:23:52.494012+00:00
2024-04-22 14:54:38 New Work: LiveApiPrice() EUR_GBP 0.86408 0.86399 2024-04-22 11:24:02.212037+00:00
2024-04-22 14:54:45 New Work: LiveApiPrice() GBP_USD 1.23157 1.23146 2024-04-22 11:24:14.643189+00:00
2024-04-22 14:54:52 New Work: LiveApiPrice() EUR_CHF 0.97024 0.97009 2024-04-22 11:24:15.564688+00:00
2024-04-22 14:54:59 New Work: LiveApiPrice() GBP_USD 1.23139 1.23128 2024-04-22 11:24:34.144753+00:00
2024-04-22 14:55:06 New Work: LiveApiPrice() GBP_USD 1.2314 1.2313 2024-04-22 11:24:36.116874+00:00
2024-04-22 14:55:13 New Work: LiveApiPrice() GBP_CHF 1.12293 1.12276 2024-04-22 11:24:38.964259+00:00
2024-04-22 14:55:20 New Work: LiveApiPrice() GBP_USD 1.23141 1.2313 2024-04-22 11:24:41.502601+00:00
2024-04-22 14:55:27 New Work: LiveApiPrice() EUR_GBP 0.86401 0.86392 2024-04-22 11:24:43.708184+00:00
2024-04-22 14:55:34 New Work: LiveApiPrice() GBP_JPY 190.568 190.54 2024-04-22 11:24:47.619118+00:00
2024-04-22 14:55:41 New Work: LiveApiPrice() GBP_CHF 1.12295 1.12278 2024-04-22 11:24:53.465800+00:00
2024-04-22 14:55:48 New Work: LiveApiPrice() EUR_CHF 0.97011 0.96994 2024-04-22 11:24:57.191597+00:00
2024-04-22 14:55:55 New Work: LiveApiPrice() GBP_CHF 1.12282 1.12266 2024-04-22 11:25:04.780974+00:00
2024-04-22 14:56:02 New Work: LiveApiPrice() GBP_JPY 190.549 190.519 2024-04-22 11:25:04.866141+00:00
2024-04-22 14:56:09 New Work: LiveApiPrice() GBP_USD 1.23128 1.23117 2024-04-22 11:25:11.522271+00:00
2024-04-22 14:56:16 New Work: LiveApiPrice() GBP_CHF 1.12278 1.12264 2024-04-22 11:25:16.464485+00:00
2024-04-22 14:56:23 New Work: LiveApiPrice() GBP_USD 1.23125 1.23114 2024-04-22 11:25:16.457884+00:00
